[     491ms] [LOG] [webpack] connecting... @ http://localhost:8000/umi.js:13778
[     555ms] [INFO] %cDownload the React DevTools for a better development experience: https://reactjs.org/link/react-devtools font-weight:bold @ http://localhost:8000/umi.js:70551
[     666ms] [LOG] [webpack] connected. @ http://localhost:8000/umi.js:13811
[    1890ms] [LOG] [webpack] connecting... @ http://localhost:8000/umi.js:13778
[    2015ms] [LOG] [webpack] connected. @ http://localhost:8000/umi.js:13811
[   27390ms] [LOG] 编辑器数据变化: [Object, Object] @ http://localhost:8000/demos.async.js:1042
[   27411ms] [LOG] 编辑器数据变化: [Object, Object] @ http://localhost:8000/demos.async.js:1042
[   27413ms] [LOG] 编辑器数据变化: [Object, Object] @ http://localhost:8000/demos.async.js:1042
[   27558ms] [LOG] 编辑器数据变化: [Object, Object] @ http://localhost:8000/demos.async.js:1042
[   27576ms] [LOG] 编辑器数据变化: [Object, Object] @ http://localhost:8000/demos.async.js:1042
[   27578ms] [LOG] 编辑器数据变化: [Object, Object] @ http://localhost:8000/demos.async.js:1042
[   27790ms] [LOG] 编辑器数据变化: [Object, Object] @ http://localhost:8000/demos.async.js:1042
[   27806ms] [LOG] 编辑器数据变化: [Object, Object] @ http://localhost:8000/demos.async.js:1042
[   27808ms] [LOG] 编辑器数据变化: [Object, Object] @ http://localhost:8000/demos.async.js:1042
[   27978ms] [LOG] 编辑器数据变化: [Object, Object] @ http://localhost:8000/demos.async.js:1042
[   27994ms] [LOG] 编辑器数据变化: [Object, Object] @ http://localhost:8000/demos.async.js:1042
[   27995ms] [LOG] 编辑器数据变化: [Object, Object] @ http://localhost:8000/demos.async.js:1042
[   28007ms] [LOG] 编辑器数据变化: [Object, Object] @ http://localhost:8000/demos.async.js:1042
[   28022ms] [LOG] 编辑器数据变化: [Object, Object] @ http://localhost:8000/demos.async.js:1042
[   28023ms] [LOG] 编辑器数据变化: [Object, Object] @ http://localhost:8000/demos.async.js:1042
[   28063ms] [LOG] 编辑器数据变化: [Object, Object] @ http://localhost:8000/demos.async.js:1042
[   28078ms] [LOG] 编辑器数据变化: [Object, Object] @ http://localhost:8000/demos.async.js:1042
[   28080ms] [LOG] 编辑器数据变化: [Object, Object] @ http://localhost:8000/demos.async.js:1042
[   28275ms] [LOG] 编辑器数据变化: [Object, Object] @ http://localhost:8000/demos.async.js:1042
[   28291ms] [LOG] 编辑器数据变化: [Object, Object] @ http://localhost:8000/demos.async.js:1042
[   28292ms] [LOG] 编辑器数据变化: [Object, Object] @ http://localhost:8000/demos.async.js:1042
[   97338ms] [LOG] [webpack] connecting... @ http://localhost:8000/umi.js:13778
[   97398ms] [INFO] %cDownload the React DevTools for a better development experience: https://reactjs.org/link/react-devtools font-weight:bold @ http://localhost:8000/umi.js:70551
[   97486ms] [LOG] [webpack] connected. @ http://localhost:8000/umi.js:13811
[  109313ms] [LOG] [webpack] connecting... @ http://localhost:8000/umi.js:13778
[  109358ms] [INFO] %cDownload the React DevTools for a better development experience: https://reactjs.org/link/react-devtools font-weight:bold @ http://localhost:8000/umi.js:70551
[  109433ms] [LOG] [webpack] connected. @ http://localhost:8000/umi.js:13811
[  113522ms] [LOG] [HMR] Reload all css @ http://localhost:8000/umi.js:19151
[  119018ms] [LOG] [HMR] Reload all css @ http://localhost:8000/umi.js:19151
[  121745ms] [LOG] [HMR] Reload all css @ http://localhost:8000/umi.js:19151
[  128542ms] [LOG] [HMR] Reload all css @ http://localhost:8000/umi.js:19151
[  128671ms] [LOG] [HMR] Reload all css @ http://localhost:8000/umi.js:19151
[  133588ms] [LOG] [HMR] Reload all css @ http://localhost:8000/umi.js:19151
